<?xml version="1.0" encoding="UTF-8"?>
<testsuite name="domain.PersonTest" tests="2" skipped="0" failures="0" errors="0" timestamp="2020-05-10T02:40:20" hostname="LAPTOP-4O71HBKH" time="0.023">
  <properties/>
  <testcase name="when_received_age_major_than_150_returns_illegal_argument_exception()" classname="domain.PersonTest" time="0.018"/>
  <testcase name="when_received_age_minor_than_16_returns_illegal_argument_exception()" classname="domain.PersonTest" time="0.002"/>
  <system-out><![CDATA[]]></system-out>
  <system-err><![CDATA[]]></system-err>
</testsuite>
